<?xml version="1.0" encoding="UTF-8"?>
<testsuite xmlns:xsi="http://www.w3.org/2001/XMLSchema-instance" xsi:noNamespaceSchemaLocation="https://maven.apache.org/surefire/maven-surefire-plugin/xsd/surefire-test-report-3.0.xsd" version="3.0" name="com.projet.MachineApplicationTests" time="38.504" tests="1" errors="0" skipped="0" failures="0">
  <properties>
[...]
</properties>
  <testcase name="contextLoads" classname="com.projet.MachineApplicationTests" time="2.281">
    <system-out><![CDATA[20:35:22.363 [main] INFO org.springframework.test.context.support.AnnotationConfigContextLoaderUtils -- Could not detect default configuration classes for test class [com.projet.MachineApplicationTests]: MachineApplicationTests does not declare any static, non-private, non-final, nested classes annotated with @Configuration.
20:35:23.326 [main] INFO org.springframework.boot.test.context.SpringBootTestContextBootstrapper -- Found @SpringBootConfiguration com.projet.MachineApplication for test class com.projet.MachineApplicationTests
20:35:24.830 [main] INFO org.springframework.boot.devtools.restart.RestartApplicationListener -- Restart disabled due to context in which it is running

  .   ____          _            __ _ _
 /\\ / ___'_ __ _ _(_)_ __  __ _ \ \ \ \
( ( )\___ | '_ | '_| | '_ \/ _` | \ \ \ \
 \\/  ___)| |_)| | | | | || (_| |  ) ) ) )
  '  |____| .__|_| |_|_| |_\__, | / / / /
 =========|_|==============|___/=/_/_/_/
 :: Spring Boot ::                (v3.2.0)

2023-12-24T20:35:26.730+01:00  INFO 19720 --- [           main] com.projet.MachineApplicationTests       : Starting MachineApplicationTests using Java 17.0.9 with PID 19720 (started by KhadijaADNAN in C:\Users\Khadija ADNAN\Desktop\thymleaf)
2023-12-24T20:35:26.734+01:00  INFO 19720 --- [           main] com.projet.MachineApplicationTests       : No active profile set, falling back to 1 default profile: "default"
2023-12-24T20:35:31.641+01:00  INFO 19720 --- [           main] .s.d.r.c.RepositoryConfigurationDelegate : Bootstrapping Spring Data JPA repositories in DEFAULT mode.
2023-12-24T20:35:31.935+01:00  INFO 19720 --- [           main] .s.d.r.c.RepositoryConfigurationDelegate : Finished Spring Data repository scanning in 257 ms. Found 2 JPA repository interfaces.
2023-12-24T20:35:35.589+01:00  INFO 19720 --- [           main] o.hibernate.jpa.internal.util.LogHelper  : HHH000204: Processing PersistenceUnitInfo [name: default]
2023-12-24T20:35:36.073+01:00  INFO 19720 --- [           main] org.hibernate.Version                    : HHH000412: Hibernate ORM core version 6.3.1.Final
2023-12-24T20:35:36.357+01:00  INFO 19720 --- [           main] o.h.c.internal.RegionFactoryInitiator    : HHH000026: Second-level cache disabled
2023-12-24T20:35:38.741+01:00  INFO 19720 --- [           main] o.s.o.j.p.SpringPersistenceUnitInfo      : No LoadTimeWeaver setup: ignoring JPA class transformer
2023-12-24T20:35:38.973+01:00  INFO 19720 --- [           main] com.zaxxer.hikari.HikariDataSource       : HikariPool-1 - Starting...
2023-12-24T20:35:40.763+01:00  INFO 19720 --- [           main] com.zaxxer.hikari.pool.HikariPool        : HikariPool-1 - Added connection com.mysql.cj.jdbc.ConnectionImpl@a2763f8
2023-12-24T20:35:40.772+01:00  INFO 19720 --- [           main] com.zaxxer.hikari.HikariDataSource       : HikariPool-1 - Start completed.
2023-12-24T20:35:41.078+01:00  WARN 19720 --- [           main] org.hibernate.dialect.Dialect            : HHH000511: The 5.5.0 version for [org.hibernate.dialect.MySQLDialect] is no longer supported, hence certain features may not work properly. The minimum supported version is 5.7.0. Check the community dialects project for available legacy versions.
2023-12-24T20:35:46.219+01:00  INFO 19720 --- [           main] o.h.e.t.j.p.i.JtaPlatformInitiator       : HHH000489: No JTA platform available (set 'hibernate.transaction.jta.platform' to enable JTA platform integration)
2023-12-24T20:35:46.559+01:00  INFO 19720 --- [           main] j.LocalContainerEntityManagerFactoryBean : Initialized JPA EntityManagerFactory for persistence unit 'default'
2023-12-24T20:35:49.961+01:00  WARN 19720 --- [           main] JpaBaseConfiguration$JpaWebConfiguration : spring.jpa.open-in-view is enabled by default. Therefore, database queries may be performed during view rendering. Explicitly configure spring.jpa.open-in-view to disable this warning
2023-12-24T20:35:55.534+01:00  INFO 19720 --- [           main] com.projet.MachineApplicationTests       : Started MachineApplicationTests in 30.832 seconds (process running for 44.721)
]]></system-out>
  </testcase>
</testsuite>